<?xml version="1.0" encoding="UTF-8"?>
<!-- Generated by org.testng.reporters.JUnitXMLReporter -->
<testsuite hostname="AmitPC" name="Command line test" tests="2" failures="0" timestamp="17 Jan 2021 08:57:50 GMT" time="0.139" errors="0">
  <testcase name="testApp on testApp(Academy.AppTest)" time="0.007" classname="Academy.AppTest"/>
  <testcase name="testApp on testApp(com.app.E2E_Automation_Project.AppTest)" time="0.0" classname="com.app.E2E_Automation_Project.AppTest"/>
</testsuite> <!-- Command line test -->
